<?xml version="1.0" encoding="UTF-8"?>
<testng-results ignored="0" total="1" passed="1" failed="0" skipped="0">
  <reporter-output>
  </reporter-output>
  <suite started-at="2021-10-23T16:15:10 IST" name="Default suite" finished-at="2021-10-23T16:15:42 IST" duration-ms="32328">
    <groups>
    </groups>
    <test started-at="2021-10-23T16:15:10 IST" name="Default test" finished-at="2021-10-23T16:15:42 IST" duration-ms="32328">
      <class name="sampleTests.PyramidRecruitmentDashboard">
        <test-method is-config="true" signature="setData()[pri:0, instance:sampleTests.PyramidRecruitmentDashboard@6c1a5b54]" started-at="2021-10-23T16:15:09 IST" name="setData" finished-at="2021-10-23T16:15:10 IST" duration-ms="596" status="PASS">
          <reporter-output>
          </reporter-output>
        </test-method> <!-- setData -->
        <test-method is-config="true" signature="Initialize()[pri:0, instance:sampleTests.PyramidRecruitmentDashboard@6c1a5b54]" started-at="2021-10-23T16:15:10 IST" name="Initialize" finished-at="2021-10-23T16:15:12 IST" duration-ms="2173" status="PASS">
          <reporter-output>
          </reporter-output>
        </test-method> <!-- Initialize -->
        <test-method signature="VeifyHomePage(java.lang.String)[pri:2, instance:sampleTests.PyramidRecruitmentDashboard@6c1a5b54]" started-at="2021-10-23T16:15:12 IST" name="VeifyHomePage" data-provider="GetLoginTest" finished-at="2021-10-23T16:15:42 IST" duration-ms="29595" status="PASS">
          <params>
            <param index="0">
              <value>
                <![CDATA[TC1_1]]>
              </value>
            </param>
          </params>
          <reporter-output>
          </reporter-output>
        </test-method> <!-- VeifyHomePage -->
        <test-method is-config="true" signature="teardown1(org.testng.ITestResult)[pri:0, instance:sampleTests.PyramidRecruitmentDashboard@6c1a5b54]" started-at="2021-10-23T16:15:42 IST" name="teardown1" finished-at="2021-10-23T16:15:42 IST" duration-ms="317" status="PASS">
          <params>
            <param index="0">
              <value>
                <![CDATA[[TestResult name=VeifyHomePage status=SUCCESS method=PyramidRecruitmentDashboard.VeifyHomePage(java.lang.String)[pri:2, instance:sampleTests.PyramidRecruitmentDashboard@6c1a5b54] output={null}]]]>
              </value>
            </param>
          </params>
          <reporter-output>
          </reporter-output>
        </test-method> <!-- teardown1 -->
        <test-method is-config="true" signature="tearDown()[pri:0, instance:sampleTests.PyramidRecruitmentDashboard@6c1a5b54]" started-at="2021-10-23T16:15:42 IST" name="tearDown" finished-at="2021-10-23T16:15:42 IST" duration-ms="216" status="PASS">
          <reporter-output>
          </reporter-output>
        </test-method> <!-- tearDown -->
        <test-method is-config="true" signature="endReport()[pri:0, instance:sampleTests.PyramidRecruitmentDashboard@6c1a5b54]" started-at="2021-10-23T16:15:42 IST" name="endReport" finished-at="2021-10-23T16:15:43 IST" duration-ms="298" status="PASS">
          <reporter-output>
          </reporter-output>
        </test-method> <!-- endReport -->
      </class> <!-- sampleTests.PyramidRecruitmentDashboard -->
    </test> <!-- Default test -->
  </suite> <!-- Default suite -->
</testng-results>
